<?xml version="1.0" encoding="UTF-8"?>
<!-- Generated by org.testng.reporters.JUnitXMLReporter -->
<testsuite hostname="Welcome" name="calc" tests="6" failures="0" timestamp="13 Oct 2018 07:36:20 GMT" time="0.157" errors="0">
  <testcase name="userNameNullTest" time="0.04" classname="com.scp.java.spring.curd.operation.SpringCURD.UserAuthenticationTest"/>
  <testcase name="userNameNullTest" time="0.008" classname="com.scp.java.spring.curd.operation.SpringCURD.UserAuthenticationTest"/>
  <testcase name="userNameNullTest" time="0.003" classname="com.scp.java.spring.curd.operation.SpringCURD.UserAuthenticationTest"/>
  <testcase name="userNameNullTest" time="0.002" classname="com.scp.java.spring.curd.operation.SpringCURD.UserAuthenticationTest"/>
  <testcase name="userNameNullTest" time="0.002" classname="com.scp.java.spring.curd.operation.SpringCURD.UserAuthenticationTest"/>
  <testcase name="userNameNullTest" time="0.002" classname="com.scp.java.spring.curd.operation.SpringCURD.UserAuthenticationTest"/>
</testsuite> <!-- calc -->
